<?xml version="1.0" encoding="UTF-8"?>
<testng-results skipped="0" failed="0" ignored="0" total="1" passed="1">
  <reporter-output>
  </reporter-output>
  <suite name="Default suite" duration-ms="31531" started-at="2022-03-16T19:33:52Z" finished-at="2022-03-16T19:34:23Z">
    <groups>
    </groups>
    <test name="Default test" duration-ms="31531" started-at="2022-03-16T19:33:52Z" finished-at="2022-03-16T19:34:23Z">
      <class name="myExercise.LoginPageTest">
        <test-method status="PASS" signature="login()[pri:0, instance:myExercise.LoginPageTest@6cc4c815]" name="login" duration-ms="31455" started-at="2022-03-16T19:33:52Z" finished-at="2022-03-16T19:34:23Z">
          <reporter-output>
          </reporter-output>
        </test-method> <!-- login -->
      </class> <!-- myExercise.LoginPageTest -->
    </test> <!-- Default test -->
  </suite> <!-- Default suite -->
</testng-results>
